<?xml version="1.0" encoding="UTF-8"?>
<!-- Generated by org.testng.reporters.JUnitReportReporter -->
<testsuite hostname="LAPTOP-635DEAL6" failures="0" tests="1" name="pack1_maven.LoginTest" time="6.331" errors="0" timestamp="2021-08-02T21:45:36 HAE" skipped="0">
  <testcase classname="pack1_maven.LoginTest" name="synchTest" time="6.331"/>
  <system-out/>
</testsuite> <!-- pack1_maven.LoginTest -->
